c:\users\daflan-pc\documents\vısual studıo 2017\projects\goruntuproje\goruntuproje\debug\vc141.pdb
c:\users\daflan-pc\documents\vısual studıo 2017\projects\goruntuproje\goruntuproje\debug\myform.obj
c:\users\daflan-pc\documents\vısual studıo 2017\projects\goruntuproje\goruntuproje\debug\ımge.obj
c:\users\daflan-pc\documents\vısual studıo 2017\projects\goruntuproje\goruntuproje\debug\.netframework,versıon=v4.6.1.assemblyattrıbutes.obj
c:\users\daflan-pc\documents\vısual studıo 2017\projects\goruntuproje\goruntuproje\debug\.netframework,versıon=v4.6.1.assemblyattrıbutes.asm
c:\users\daflan-pc\documents\visual studio 2017\projects\goruntuproje\goruntuproje\debug\goruntuproje.myform.resources
c:\users\daflan-pc\documents\vısual studıo 2017\projects\goruntuproje\debug\goruntuproje.exe
c:\users\daflan-pc\documents\vısual studıo 2017\projects\goruntuproje\debug\goruntuproje.pdb
c:\users\daflan-pc\documents\vısual studıo 2017\projects\goruntuproje\goruntuproje\debug\goruntuproje.tlog\metagen.wrıte.1.tlog
c:\users\daflan-pc\documents\visual studio 2017\projects\goruntuproje\goruntuproje\debug\goruntuproje.vcxproj.generateresource.cache
c:\users\daflan-pc\documents\visual studio 2017\projects\goruntuproje\goruntuproje\debug\goruntuproje.vcxprojresolveassemblyreference.cache
c:\users\daflan-pc\documents\visual studio 2017\projects\goruntuproje\goruntuproje\debug\.netframework,version=v4.6.1.assemblyattributes.obj
c:\users\daflan-pc\documents\visual studio 2017\projects\goruntuproje\goruntuproje\debug\imge.obj
c:\users\daflan-pc\documents\visual studio 2017\projects\goruntuproje\goruntuproje\debug\myform.obj
c:\users\daflan-pc\documents\visual studio 2017\projects\goruntuproje\goruntuproje\debug\vc141.pdb
c:\users\daflan-pc\documents\visual studio 2017\projects\goruntuproje\debug\goruntuproje.pdb
c:\users\daflan-pc\documents\visual studio 2017\projects\goruntuproje\debug\goruntuproje.exe
c:\users\daflan-pc\documents\visual studio 2017\projects\goruntuproje\goruntuproje\debug\goruntuproje.tlog\cl.command.1.tlog
c:\users\daflan-pc\documents\visual studio 2017\projects\goruntuproje\goruntuproje\debug\goruntuproje.tlog\cl.read.1.tlog
c:\users\daflan-pc\documents\visual studio 2017\projects\goruntuproje\goruntuproje\debug\goruntuproje.tlog\cl.write.1.tlog
c:\users\daflan-pc\documents\visual studio 2017\projects\goruntuproje\goruntuproje\debug\goruntuproje.tlog\goruntuproje.write.1u.tlog
c:\users\daflan-pc\documents\visual studio 2017\projects\goruntuproje\goruntuproje\debug\goruntuproje.tlog\link.command.1.tlog
c:\users\daflan-pc\documents\visual studio 2017\projects\goruntuproje\goruntuproje\debug\goruntuproje.tlog\link.read.1.tlog
c:\users\daflan-pc\documents\visual studio 2017\projects\goruntuproje\goruntuproje\debug\goruntuproje.tlog\link.write.1.tlog
c:\users\daflan-pc\documents\visual studio 2017\projects\goruntuproje\goruntuproje\debug\goruntuproje.tlog\metagen.read.1.tlog
c:\users\daflan-pc\documents\visual studio 2017\projects\goruntuproje\goruntuproje\debug\goruntuproje.tlog\metagen.write.1.tlog
c:\users\daflan-pc\documents\visual studio 2017\projects\goruntuproje\goruntuproje\debug\goruntuproje.tlog\mscorlıb.dll.metagen
c:\users\daflan-pc\documents\visual studio 2017\projects\goruntuproje\goruntuproje\debug\goruntuproje.tlog\system.data.dll.metagen
c:\users\daflan-pc\documents\visual studio 2017\projects\goruntuproje\goruntuproje\debug\goruntuproje.tlog\system.dll.metagen
c:\users\daflan-pc\documents\visual studio 2017\projects\goruntuproje\goruntuproje\debug\goruntuproje.tlog\system.drawıng.dll.metagen
c:\users\daflan-pc\documents\visual studio 2017\projects\goruntuproje\goruntuproje\debug\goruntuproje.tlog\system.wındows.forms.dll.metagen
c:\users\daflan-pc\documents\visual studio 2017\projects\goruntuproje\goruntuproje\debug\goruntuproje.tlog\system.xml.dll.metagen
c:\users\daflan-pc\documents\visual studio 2017\projects\goruntuproje\goruntuproje\debug\goruntuproje.tlog\clr.dll.bi
c:\users\daflan-pc\documents\visual studio 2017\projects\goruntuproje\goruntuproje\debug\goruntuproje.tlog\cluı.dll.bi
c:\users\daflan-pc\documents\visual studio 2017\projects\goruntuproje\goruntuproje\debug\goruntuproje.tlog\mscorwks.dll.bi
c:\users\daflan-pc\documents\visual studio 2017\projects\goruntuproje\goruntuproje\debug\goruntuproje.tlog\tzres.dll.bi
